[QR SESSION API]
HTTP code: 404
CURL error: 
Sent JSON: {"school_id":1,"period_id":1,"course_period_id":1,"school_date":"2026-03-12"}
Response: <!doctype html>
<html lang=en>
<title>404 Not Found</title>
<h1>Not Found</h1>
<p>The requested URL was not found on the server. If you entered the URL manually please check your spelling and try again.</p>


[QR SESSION API]
HTTP code: 405
CURL error: 
Sent JSON: {"school_id":1,"period_id":1,"course_period_id":1,"school_date":"2026-03-12"}
Response: <!doctype html>
<html lang=en>
<title>405 Method Not Allowed</title>
<h1>Method Not Allowed</h1>
<p>The method is not allowed for the requested URL.</p>


[QR SESSION API]
HTTP code: 405
CURL error: 
Sent JSON: {"school_id":1,"period_id":1,"course_period_id":1,"school_date":"2026-03-12"}
Response: <!doctype html>
<html lang=en>
<title>405 Method Not Allowed</title>
<h1>Method Not Allowed</h1>
<p>The method is not allowed for the requested URL.</p>


[QR SESSION API]
HTTP code: 405
CURL error: 
Sent JSON: {"school_id":1,"period_id":1,"course_period_id":1,"school_date":"2026-03-12"}
Response: <!doctype html>
<html lang=en>
<title>405 Method Not Allowed</title>
<h1>Method Not Allowed</h1>
<p>The method is not allowed for the requested URL.</p>


[QR SESSION API]
HTTP code: 405
CURL error: 
Sent JSON: {"school_id":1,"period_id":1,"course_period_id":1,"school_date":"2026-03-12"}
Response: <!doctype html>
<html lang=en>
<title>405 Method Not Allowed</title>
<h1>Method Not Allowed</h1>
<p>The method is not allowed for the requested URL.</p>


[QR SESSION API]
HTTP code: 405
CURL error: 
Sent JSON: {"school_id":1,"period_id":1,"course_period_id":1,"school_date":"2026-03-12"}
Response: <!doctype html>
<html lang=en>
<title>405 Method Not Allowed</title>
<h1>Method Not Allowed</h1>
<p>The method is not allowed for the requested URL.</p>


[QR SESSION API]
HTTP code: 405
CURL error: 
Sent JSON: {"school_id":1,"period_id":1,"course_period_id":1,"school_date":"2026-03-12"}
Response: <!doctype html>
<html lang=en>
<title>405 Method Not Allowed</title>
<h1>Method Not Allowed</h1>
<p>The method is not allowed for the requested URL.</p>


[QR SESSION API]
HTTP code: 405
CURL error: 
Sent JSON: {"school_id":1,"period_id":1,"course_period_id":1,"school_date":"2026-03-12"}
Response: <!doctype html>
<html lang=en>
<title>405 Method Not Allowed</title>
<h1>Method Not Allowed</h1>
<p>The method is not allowed for the requested URL.</p>


[QR SESSION API]
HTTP code: 404
CURL error: 
Sent JSON: {"school_id":1,"period_id":1,"course_period_id":1,"school_date":"2026-03-12"}
Response: <!doctype html>
<html lang=en>
<title>404 Not Found</title>
<h1>Not Found</h1>
<p>The requested URL was not found on the server. If you entered the URL manually please check your spelling and try again.</p>


[QR SESSION API]
HTTP code: 404
CURL error: 
Sent JSON: {"school_id":1,"period_id":1,"course_period_id":1,"school_date":"2026-03-12"}
Response: <!doctype html>
<html lang=en>
<title>404 Not Found</title>
<h1>Not Found</h1>
<p>The requested URL was not found on the server. If you entered the URL manually please check your spelling and try again.</p>


[QR SESSION API]
HTTP code: 404
CURL error: 
Sent JSON: {"school_id":1,"period_id":1,"course_period_id":1,"school_date":"2026-03-12"}
Response: <!doctype html>
<html lang=en>
<title>404 Not Found</title>
<h1>Not Found</h1>
<p>The requested URL was not found on the server. If you entered the URL manually please check your spelling and try again.</p>


[QR SESSION API]
HTTP code: 404
CURL error: 
Sent JSON: {"school_id":1,"period_id":1,"course_period_id":1,"school_date":"2026-03-12"}
Response: <!doctype html>
<html lang=en>
<title>404 Not Found</title>
<h1>Not Found</h1>
<p>The requested URL was not found on the server. If you entered the URL manually please check your spelling and try again.</p>


[QR SESSION API]
HTTP code: 200
CURL error: 
Sent JSON: {"school_id":1,"period_id":1,"course_period_id":1,"school_date":"2026-03-12"}
Response: {"course_period_id":1,"generated_at":"2026-03-12T13:12:18.047949","nonce":"db810f9d-9c89-470b-90a3-51597884d5c9","period_id":1,"school_date":"2026-03-12","school_id":1,"success":true,"valid_until":"2026-03-12T13:12:28.047949"}


[QR SESSION API]
HTTP code: 200
CURL error: 
Sent JSON: {"school_id":1,"period_id":1,"course_period_id":1,"school_date":"2026-03-12"}
Response: {"course_period_id":1,"generated_at":"2026-03-12T13:12:31.603426","nonce":"9e6c89e3-7229-4085-911c-d2ba4fb97432","period_id":1,"school_date":"2026-03-12","school_id":1,"success":true,"valid_until":"2026-03-12T13:12:41.603426"}


[QR SESSION API]
HTTP code: 200
CURL error: 
Sent JSON: {"school_id":1,"period_id":1,"course_period_id":1,"school_date":"2026-03-12"}
Response: {"course_period_id":1,"generated_at":"2026-03-12T13:15:26.903466","nonce":"c0368481-0abd-422f-b9fa-82939ea6abca","period_id":1,"school_date":"2026-03-12","school_id":1,"success":true,"valid_until":"2026-03-12T13:15:36.903466"}


[QR SESSION API]
HTTP code: 200
CURL error: 
Sent JSON: {"school_id":1,"period_id":1,"course_period_id":1,"school_date":"2026-03-12"}
Response: {"course_period_id":1,"generated_at":"2026-03-12T13:17:01.294126","nonce":"66e90b2c-17fd-4754-abdd-c4517cc38608","period_id":1,"school_date":"2026-03-12","school_id":1,"success":true,"valid_until":"2026-03-12T13:17:11.294126"}


[QR SESSION API]
HTTP code: 200
CURL error: 
Sent JSON: {"school_id":1,"period_id":1,"course_period_id":1,"school_date":"2026-03-12"}
Response: {"course_period_id":1,"generated_at":"2026-03-12T13:17:09.314079","nonce":"45490777-c632-48f7-8eff-6369dee3d42d","period_id":1,"school_date":"2026-03-12","school_id":1,"success":true,"valid_until":"2026-03-12T13:17:19.314079"}


[QR SESSION API]
HTTP code: 200
CURL error: 
Sent JSON: {"school_id":1,"period_id":1,"course_period_id":1,"school_date":"2026-03-12"}
Response: {"course_period_id":1,"generated_at":"2026-03-12T13:18:25.574430","nonce":"c14b329c-9fe1-43a9-b656-68d982e352d2","period_id":1,"school_date":"2026-03-12","school_id":1,"success":true,"valid_until":"2026-03-12T13:18:35.574430"}


[QR SESSION API]
HTTP code: 200
CURL error: 
Sent JSON: {"school_id":1,"period_id":1,"course_period_id":1,"school_date":"2026-03-12"}
Response: {"course_period_id":1,"generated_at":"2026-03-12T13:18:41.408900","nonce":"c495e23d-fd93-4e30-a3a1-ce79c1f76a22","period_id":1,"school_date":"2026-03-12","school_id":1,"success":true,"valid_until":"2026-03-12T13:18:51.408900"}


[QR SESSION API]
HTTP code: 200
CURL error: 
Sent JSON: {"school_id":1,"period_id":1,"course_period_id":1,"school_date":"2026-03-12"}
Response: {"course_period_id":1,"generated_at":"2026-03-12T13:18:43.627164","nonce":"d3787983-4b49-434e-a7b6-52e2d392e39e","period_id":1,"school_date":"2026-03-12","school_id":1,"success":true,"valid_until":"2026-03-12T13:18:53.627164"}


